[debug] [2019-04-19T02:25:49.469Z] ----------------------------------------------------------------------
[debug] [2019-04-19T02:25:49.471Z] Command:       /Users/mah_lab/.anyenv/envs/nodenv/versions/8.11.1/bin/node /Users/mah_lab/.anyenv/envs/nodenv/versions/8.11.1/bin/firebase serve --only firestore
[debug] [2019-04-19T02:25:49.471Z] CLI Version:   6.7.0
[debug] [2019-04-19T02:25:49.471Z] Platform:      darwin
[debug] [2019-04-19T02:25:49.472Z] Node Version:  v8.11.1
[debug] [2019-04-19T02:25:49.472Z] Time:          Fri Apr 19 2019 11:25:49 GMT+0900 (JST)
[debug] [2019-04-19T02:25:49.472Z] ----------------------------------------------------------------------
[debug] 
[warn] ⚠  firestore: Apr 19, 2019 11:26:01 AM io.gapi.emulators.grpc.GrpcServer$3 operationComplete
INFO: Adding handler(s) to newly registered Channel.

[warn] ⚠  firestore: Apr 19, 2019 11:26:01 AM io.gapi.emulators.netty.HttpVersionRoutingHandler channelRead
INFO: Detected HTTP/2 connection.

[warn] ⚠  firestore: Apr 19, 2019 11:26:02 AM com.google.cloud.datastore.emulator.impl.util.WrappedStreamObserver onError
INFO: operation failed: 
Null value error. for 'create' @ L5

[warn] ⚠  firestore: Apr 19, 2019 11:27:28 AM io.gapi.emulators.grpc.GrpcServer$3 operationComplete
INFO: Adding handler(s) to newly registered Channel.

[warn] ⚠  firestore: Apr 19, 2019 11:27:28 AM io.gapi.emulators.netty.HttpVersionRoutingHandler channelRead
INFO: Detected HTTP/2 connection.

[warn] ⚠  firestore: Apr 19, 2019 11:27:28 AM com.google.cloud.datastore.emulator.impl.util.WrappedStreamObserver onError
INFO: operation failed: 
Null value error. for 'create' @ L5

[warn] ⚠  firestore: Apr 19, 2019 11:27:54 AM io.gapi.emulators.grpc.GrpcServer$3 operationComplete
INFO: Adding handler(s) to newly registered Channel.

[warn] ⚠  firestore: Apr 19, 2019 11:27:54 AM io.gapi.emulators.netty.HttpVersionRoutingHandler channelRead
INFO: Detected non-HTTP/2 connection.

[warn] ⚠  firestore: Apr 19, 2019 11:27:54 AM io.gapi.emulators.grpc.GrpcServer$3 operationComplete
INFO: Adding handler(s) to newly registered Channel.

[warn] ⚠  firestore: Apr 19, 2019 11:27:55 AM io.gapi.emulators.grpc.GrpcServer$3 operationComplete
INFO: Adding handler(s) to newly registered Channel.

[warn] ⚠  firestore: Apr 19, 2019 11:27:55 AM io.gapi.emulators.netty.HttpVersionRoutingHandler channelRead
INFO: Detected HTTP/2 connection.

[warn] ⚠  firestore: Apr 19, 2019 11:27:56 AM io.gapi.emulators.netty.NotFoundHandler handleRequest
INFO: Unknown request URI: /favicon.ico

[warn] ⚠  firestore: Apr 19, 2019 11:31:12 AM io.gapi.emulators.grpc.GrpcServer$3 operationComplete
INFO: Adding handler(s) to newly registered Channel.

[warn] ⚠  firestore: Apr 19, 2019 11:34:07 AM io.gapi.emulators.grpc.GrpcServer$3 operationComplete
INFO: Adding handler(s) to newly registered Channel.

[warn] ⚠  firestore: Apr 19, 2019 11:34:07 AM io.gapi.emulators.netty.HttpVersionRoutingHandler channelRead
INFO: Detected HTTP/2 connection.

[warn] ⚠  firestore: Apr 19, 2019 11:34:07 AM com.google.cloud.datastore.emulator.impl.util.WrappedStreamObserver onError
INFO: operation failed: 
Null value error. for 'create' @ L5

[warn] ⚠  firestore: Apr 19, 2019 11:34:07 AM com.google.cloud.datastore.emulator.impl.util.WrappedStreamObserver onError
INFO: operation failed: 
Property createdAt is undefined on object. for 'create' @ L5

[warn] ⚠  firestore: Apr 19, 2019 11:35:20 AM io.gapi.emulators.grpc.GrpcServer$3 operationComplete
INFO: Adding handler(s) to newly registered Channel.

[warn] ⚠  firestore: Apr 19, 2019 11:35:20 AM io.gapi.emulators.netty.HttpVersionRoutingHandler channelRead
INFO: Detected HTTP/2 connection.

[warn] ⚠  firestore: Apr 19, 2019 11:35:20 AM com.google.cloud.datastore.emulator.impl.util.WrappedStreamObserver onError
INFO: operation failed: 
Null value error. for 'create' @ L5

[warn] ⚠  firestore: Apr 19, 2019 11:36:03 AM io.gapi.emulators.grpc.GrpcServer$3 operationComplete
INFO: Adding handler(s) to newly registered Channel.

[warn] ⚠  firestore: Apr 19, 2019 11:36:03 AM io.gapi.emulators.netty.HttpVersionRoutingHandler channelRead
INFO: Detected HTTP/2 connection.

[warn] ⚠  firestore: Apr 19, 2019 11:36:03 AM com.google.cloud.datastore.emulator.impl.util.WrappedStreamObserver onError
INFO: operation failed: 
Null value error. for 'create' @ L5

[warn] ⚠  firestore: Apr 19, 2019 11:38:27 AM io.gapi.emulators.grpc.GrpcServer$3 operationComplete
INFO: Adding handler(s) to newly registered Channel.

[warn] ⚠  firestore: Apr 19, 2019 11:38:27 AM io.gapi.emulators.netty.HttpVersionRoutingHandler channelRead
INFO: Detected HTTP/2 connection.

[warn] ⚠  firestore: Apr 19, 2019 11:38:27 AM com.google.cloud.datastore.emulator.impl.util.WrappedStreamObserver onError
INFO: operation failed: 
Null value error. for 'create' @ L5

